CRITICAL - 2022-03-04 10:47:57 --> Invalid file: pageshome.php
#0 D:\work projects\codeigniter4\system\View\View.php(198): CodeIgniter\Exceptions\FrameworkException::forInvalidFile('pageshome.php')
#1 D:\work projects\codeigniter4\system\Common.php(1089): CodeIgniter\View\View->render('pageshome', Array, true)
#2 D:\work projects\codeigniter4\app\Controllers\Pages.php(22): view('pageshome', Array)
#3 D:\work projects\codeigniter4\system\CodeIgniter.php(832): App\Controllers\Pages->view()
#4 D:\work projects\codeigniter4\system\CodeIgniter.php(419): CodeIgniter\CodeIgniter->runController(Object(App\Controllers\Pages))
#5 D:\work projects\codeigniter4\system\CodeIgniter.php(326): CodeIgniter\CodeIgniter->handleRequest(NULL, Object(Config\Cache), false)
#6 D:\work projects\codeigniter4\public\index.php(37): CodeIgniter\CodeIgniter->run()
#7 D:\work projects\codeigniter4\system\Commands\Server\rewrite.php(43): require_once('D:\\work project...')
#8 {main}
CRITICAL - 2022-03-04 10:49:14 --> Invalid file: pageshome.php
#0 D:\work projects\codeigniter4\system\View\View.php(198): CodeIgniter\Exceptions\FrameworkException::forInvalidFile('pageshome.php')
#1 D:\work projects\codeigniter4\system\Common.php(1089): CodeIgniter\View\View->render('pageshome', Array, true)
#2 D:\work projects\codeigniter4\app\Controllers\Pages.php(22): view('pageshome', Array)
#3 D:\work projects\codeigniter4\system\CodeIgniter.php(832): App\Controllers\Pages->view()
#4 D:\work projects\codeigniter4\system\CodeIgniter.php(419): CodeIgniter\CodeIgniter->runController(Object(App\Controllers\Pages))
#5 D:\work projects\codeigniter4\system\CodeIgniter.php(326): CodeIgniter\CodeIgniter->handleRequest(NULL, Object(Config\Cache), false)
#6 D:\work projects\codeigniter4\public\index.php(37): CodeIgniter\CodeIgniter->run()
#7 D:\work projects\codeigniter4\system\Commands\Server\rewrite.php(43): require_once('D:\\work project...')
#8 {main}
CRITICAL - 2022-03-04 10:49:31 --> Undefined variable: data
#0 D:\work projects\codeigniter4\app\Views\pages\home.php(1): CodeIgniter\Debug\Exceptions->errorHandler(8, 'Undefined varia...', 'D:\\work project...', 1, Array)
#1 D:\work projects\codeigniter4\system\View\View.php(210): include('D:\\work project...')
#2 D:\work projects\codeigniter4\system\View\View.php(213): CodeIgniter\View\View->CodeIgniter\View\{closure}()
#3 D:\work projects\codeigniter4\system\Common.php(1089): CodeIgniter\View\View->render('pages/home', Array, true)
#4 D:\work projects\codeigniter4\app\Controllers\Pages.php(22): view('pages/home', Array)
#5 D:\work projects\codeigniter4\system\CodeIgniter.php(832): App\Controllers\Pages->view()
#6 D:\work projects\codeigniter4\system\CodeIgniter.php(419): CodeIgniter\CodeIgniter->runController(Object(App\Controllers\Pages))
#7 D:\work projects\codeigniter4\system\CodeIgniter.php(326): CodeIgniter\CodeIgniter->handleRequest(NULL, Object(Config\Cache), false)
#8 D:\work projects\codeigniter4\public\index.php(37): CodeIgniter\CodeIgniter->run()
#9 D:\work projects\codeigniter4\system\Commands\Server\rewrite.php(43): require_once('D:\\work project...')
#10 {main}
CRITICAL - 2022-03-04 12:33:46 --> Undefined variable: slug
#0 D:\work projects\codeigniter4\app\Models\NewsModel.php(12): CodeIgniter\Debug\Exceptions->errorHandler(8, 'Undefined varia...', 'D:\\work project...', 12, Array)
#1 D:\work projects\codeigniter4\app\Controllers\News.php(13): App\Models\NewsModel->getNews()
#2 D:\work projects\codeigniter4\system\CodeIgniter.php(832): App\Controllers\News->index()
#3 D:\work projects\codeigniter4\system\CodeIgniter.php(419): CodeIgniter\CodeIgniter->runController(Object(App\Controllers\News))
#4 D:\work projects\codeigniter4\system\CodeIgniter.php(326): CodeIgniter\CodeIgniter->handleRequest(NULL, Object(Config\Cache), false)
#5 D:\work projects\codeigniter4\public\index.php(37): CodeIgniter\CodeIgniter->run()
#6 {main}
CRITICAL - 2022-03-04 12:33:59 --> Array to string conversion
#0 D:\work projects\codeigniter4\app\Controllers\News.php(17): CodeIgniter\Debug\Exceptions->errorHandler(8, 'Array to string...', 'D:\\work project...', 17, Array)
#1 D:\work projects\codeigniter4\system\CodeIgniter.php(832): App\Controllers\News->index()
#2 D:\work projects\codeigniter4\system\CodeIgniter.php(419): CodeIgniter\CodeIgniter->runController(Object(App\Controllers\News))
#3 D:\work projects\codeigniter4\system\CodeIgniter.php(326): CodeIgniter\CodeIgniter->handleRequest(NULL, Object(Config\Cache), false)
#4 D:\work projects\codeigniter4\public\index.php(37): CodeIgniter\CodeIgniter->run()
#5 {main}
CRITICAL - 2022-03-04 12:34:12 --> Array to string conversion
#0 D:\work projects\codeigniter4\app\Controllers\News.php(17): CodeIgniter\Debug\Exceptions->errorHandler(8, 'Array to string...', 'D:\\work project...', 17, Array)
#1 D:\work projects\codeigniter4\system\CodeIgniter.php(832): App\Controllers\News->index()
#2 D:\work projects\codeigniter4\system\CodeIgniter.php(419): CodeIgniter\CodeIgniter->runController(Object(App\Controllers\News))
#3 D:\work projects\codeigniter4\system\CodeIgniter.php(326): CodeIgniter\CodeIgniter->handleRequest(NULL, Object(Config\Cache), false)
#4 D:\work projects\codeigniter4\public\index.php(37): CodeIgniter\CodeIgniter->run()
#5 {main}
CRITICAL - 2022-03-04 12:34:13 --> Array to string conversion
#0 D:\work projects\codeigniter4\app\Controllers\News.php(17): CodeIgniter\Debug\Exceptions->errorHandler(8, 'Array to string...', 'D:\\work project...', 17, Array)
#1 D:\work projects\codeigniter4\system\CodeIgniter.php(832): App\Controllers\News->index()
#2 D:\work projects\codeigniter4\system\CodeIgniter.php(419): CodeIgniter\CodeIgniter->runController(Object(App\Controllers\News))
#3 D:\work projects\codeigniter4\system\CodeIgniter.php(326): CodeIgniter\CodeIgniter->handleRequest(NULL, Object(Config\Cache), false)
#4 D:\work projects\codeigniter4\public\index.php(37): CodeIgniter\CodeIgniter->run()
#5 {main}
CRITICAL - 2022-03-04 12:34:14 --> Array to string conversion
#0 D:\work projects\codeigniter4\app\Controllers\News.php(17): CodeIgniter\Debug\Exceptions->errorHandler(8, 'Array to string...', 'D:\\work project...', 17, Array)
#1 D:\work projects\codeigniter4\system\CodeIgniter.php(832): App\Controllers\News->index()
#2 D:\work projects\codeigniter4\system\CodeIgniter.php(419): CodeIgniter\CodeIgniter->runController(Object(App\Controllers\News))
#3 D:\work projects\codeigniter4\system\CodeIgniter.php(326): CodeIgniter\CodeIgniter->handleRequest(NULL, Object(Config\Cache), false)
#4 D:\work projects\codeigniter4\public\index.php(37): CodeIgniter\CodeIgniter->run()
#5 {main}
CRITICAL - 2022-03-04 12:34:14 --> Array to string conversion
#0 D:\work projects\codeigniter4\app\Controllers\News.php(17): CodeIgniter\Debug\Exceptions->errorHandler(8, 'Array to string...', 'D:\\work project...', 17, Array)
#1 D:\work projects\codeigniter4\system\CodeIgniter.php(832): App\Controllers\News->index()
#2 D:\work projects\codeigniter4\system\CodeIgniter.php(419): CodeIgniter\CodeIgniter->runController(Object(App\Controllers\News))
#3 D:\work projects\codeigniter4\system\CodeIgniter.php(326): CodeIgniter\CodeIgniter->handleRequest(NULL, Object(Config\Cache), false)
#4 D:\work projects\codeigniter4\public\index.php(37): CodeIgniter\CodeIgniter->run()
#5 {main}
CRITICAL - 2022-03-04 12:34:14 --> Array to string conversion
#0 D:\work projects\codeigniter4\app\Controllers\News.php(17): CodeIgniter\Debug\Exceptions->errorHandler(8, 'Array to string...', 'D:\\work project...', 17, Array)
#1 D:\work projects\codeigniter4\system\CodeIgniter.php(832): App\Controllers\News->index()
#2 D:\work projects\codeigniter4\system\CodeIgniter.php(419): CodeIgniter\CodeIgniter->runController(Object(App\Controllers\News))
#3 D:\work projects\codeigniter4\system\CodeIgniter.php(326): CodeIgniter\CodeIgniter->handleRequest(NULL, Object(Config\Cache), false)
#4 D:\work projects\codeigniter4\public\index.php(37): CodeIgniter\CodeIgniter->run()
#5 {main}
CRITICAL - 2022-03-04 12:34:14 --> Array to string conversion
#0 D:\work projects\codeigniter4\app\Controllers\News.php(17): CodeIgniter\Debug\Exceptions->errorHandler(8, 'Array to string...', 'D:\\work project...', 17, Array)
#1 D:\work projects\codeigniter4\system\CodeIgniter.php(832): App\Controllers\News->index()
#2 D:\work projects\codeigniter4\system\CodeIgniter.php(419): CodeIgniter\CodeIgniter->runController(Object(App\Controllers\News))
#3 D:\work projects\codeigniter4\system\CodeIgniter.php(326): CodeIgniter\CodeIgniter->handleRequest(NULL, Object(Config\Cache), false)
#4 D:\work projects\codeigniter4\public\index.php(37): CodeIgniter\CodeIgniter->run()
#5 {main}
